e:\coding\mycad\mycad\x64\debug\vc143.pdb
e:\coding\mycad\mycad\x64\debug\vc143.idb
e:\coding\mycad\mycad\x64\debug\test.obj
e:\coding\mycad\mycad\x64\debug\shader.obj
e:\coding\mycad\mycad\x64\debug\main.obj
e:\coding\mycad\mycad\x64\debug\generator.obj
e:\coding\mycad\mycad\x64\debug\euleroperation.obj
e:\coding\mycad\mycad\x64\debug\element.obj
e:\coding\mycad\mycad\x64\debug\camera.obj
e:\coding\mycad\mycad\x64\debug\glad.obj
e:\coding\mycad\mycad\x64\debug\mycad.ilk
e:\coding\mycad\x64\debug\mycad.exe
e:\coding\mycad\x64\debug\mycad.pdb
e:\coding\mycad\mycad\x64\debug\mycad.tlog\cl.command.1.tlog
e:\coding\mycad\mycad\x64\debug\mycad.tlog\cl.items.tlog
e:\coding\mycad\mycad\x64\debug\mycad.tlog\cl.read.1.tlog
e:\coding\mycad\mycad\x64\debug\mycad.tlog\cl.write.1.tlog
e:\coding\mycad\mycad\x64\debug\mycad.tlog\link.command.1.tlog
e:\coding\mycad\mycad\x64\debug\mycad.tlog\link.read.1.tlog
e:\coding\mycad\mycad\x64\debug\mycad.tlog\link.write.1.tlog
